aq-covtest Sat 13 Mar 2021 08:07:29 PM EST	33/33	1
aq-covtest Sat 13 Mar 2021 08:07:46 PM EST	33/33	1
aq-covtest Sat 13 Mar 2021 09:54:23 PM EST	33/33	1
ckb.corpus Fri 19 Mar 2021 08:18:29 AM EDT	117/1647	~0.07103825136612021858
ckb.corpus Fri 19 Mar 2021 08:40:49 AM EDT	123/1647	~0.07468123861566484517
ckb.corpus Fri 19 Mar 2021 08:46:10 AM EDT	123/1647	~0.07468123861566484517
ckb.corpus Fri 19 Mar 2021 08:52:35 AM EDT	177/1647	~0.10746812386156648452
ckb.corpus Fri 19 Mar 2021 08:57:02 AM EDT	187/1647	~0.11353976927747419551
ckb.corpus Fri 19 Mar 2021 08:58:46 AM EDT	0/0	Error 10002
ckb.corpus Fri 19 Mar 2021 08:58:53 AM EDT	0/0	Error 10002
ckb.corpus Fri 19 Mar 2021 08:58:57 AM EDT	0/0	Error 10002
ckb.corpus Fri 19 Mar 2021 08:59:07 AM EDT	0/0	Error 10002
ckb.corpus Fri 19 Mar 2021 08:59:14 AM EDT	187/1647	~0.11353976927747419551
ckb.corpus Fri 19 Mar 2021 09:01:23 AM EDT	0/0	Error 10002
ckb.corpus Fri 19 Mar 2021 09:01:28 AM EDT	198/1647	~0.12021857923497267760
ckb.corpus Fri 19 Mar 2021 11:39:29 AM EDT	198/1647	~0.12021857923497267760
ckb.wikipedia Fri 19 Mar 2021 11:41:25 AM EDT	33/33	1
ckb.wikipedia Fri 19 Mar 2021 11:41:38 AM EDT	139/661	~0.21028744326777609682
ckb.wikipedia Fri 19 Mar 2021 11:45:22 AM EDT	142/661	~0.21482602118003025719
ckb.wikipedia Sat 20 Mar 2021 04:04:00 PM EDT	142/661	~0.21482602118003025719
ckb.wikipedia Sat 20 Mar 2021 04:09:53 PM EDT	142/661	~0.21482602118003025719
ckb.wikipedia Sun 21 Mar 2021 02:50:43 PM EDT	142/661	~0.21482602118003025719
ckb.corpus Wed 31 Mar 2021 12:41:54 PM EDT	201/1647	~0.12204007285974499089
ckb.wikipedia Wed 31 Mar 2021 12:42:24 PM EDT	142/661	~0.21482602118003025719
ckb.bible Wed 31 Mar 2021 12:42:33 PM EDT	0/0	Error 10002
ckb.bible Wed 31 Mar 2021 12:42:44 PM EDT	108/438	~0.24657534246575342466
ckb.wikipedia Wed 31 Mar 2021 12:43:56 PM EDT	142/661	~0.21482602118003025719
ckb.corpus Wed 31 Mar 2021 04:23:59 PM EDT	204/1647	~0.12386156648451730419
ckb.wikipedia Wed 31 Mar 2021 04:26:20 PM EDT	142/661	~0.21482602118003025719
ckb.new.2021-02-23 Wed 31 Mar 2021 04:26:42 PM EDT	0/0	Error 10002
ckb.news.2021-02-23 Wed 31 Mar 2021 04:26:47 PM EDT	0/0	Error 10002
ckb.news Wed 31 Mar 2021 04:26:59 PM EDT	269/2194	~0.12260711030082041933
ckb.wikipedia Wed 31 Mar 2021 04:27:13 PM EDT	142/661	~0.21482602118003025719
ckb.bible Wed 31 Mar 2021 04:27:23 PM EDT	0/0	Error 10002
ckb.bible Wed 31 Mar 2021 04:27:32 PM EDT	114/438	~0.26027397260273972603
ckb.wikipedia Wed 31 Mar 2021 04:32:54 PM EDT	142/661	~0.21482602118003025719
ckb.wikipedia Wed 31 Mar 2021 04:34:56 PM EDT	153/661	~0.23146747352496217852
ckb.bible Wed 31 Mar 2021 04:35:28 PM EDT	114/438	~0.26027397260273972603
ckb.bible Wed 31 Mar 2021 04:39:04 PM EDT	114/438	~0.26027397260273972603
ckb.wikipedia Wed 31 Mar 2021 04:39:17 PM EDT	153/661	~0.23146747352496217852
ckb.wikipedia Wed 31 Mar 2021 04:40:40 PM EDT	153/661	~0.23146747352496217852
ckb.bible Wed 31 Mar 2021 04:40:49 PM EDT	0/0	Error 10002
ckb.bible Wed 31 Mar 2021 04:40:56 PM EDT	114/438	~0.26027397260273972603
ckb.wikipedia Wed 31 Mar 2021 04:42:09 PM EDT	153/661	~0.23146747352496217852
ckb.bible Wed 31 Mar 2021 04:42:20 PM EDT	114/438	~0.26027397260273972603
ckb.bible Wed 31 Mar 2021 04:58:27 PM EDT	114/438	~0.26027397260273972603
ckb.wikipedia Fri 02 Apr 2021 09:00:10 AM EDT	153/661	~0.23146747352496217852
ckb.wikipedia Fri 02 Apr 2021 09:02:10 AM EDT	156/661	~0.23600605143721633888
ckb.wikipedia Fri 02 Apr 2021 09:04:39 AM EDT	147/661	~0.22239031770045385779
ckb.wikipedia Fri 02 Apr 2021 09:04:54 AM EDT	156/661	~0.23600605143721633888
ckb.bible Fri 02 Apr 2021 09:05:54 AM EDT	114/438	~0.26027397260273972603
ckb.wikipedia Fri 02 Apr 2021 09:06:37 AM EDT	158/661	~0.23903177004538577912
ckb.bible Fri 02 Apr 2021 09:06:41 AM EDT	124/438	~0.28310502283105022831
ckb.bible Fri 02 Apr 2021 09:08:34 AM EDT	127/438	~0.28995433789954337900
ckb.wikipedia Fri 02 Apr 2021 09:08:38 AM EDT	158/661	~0.23903177004538577912
ckb.wikipedia Fri 02 Apr 2021 09:13:57 AM EDT	158/661	~0.23903177004538577912
ckb.bible Fri 02 Apr 2021 09:14:09 AM EDT	127/438	~0.28995433789954337900
ckb.bible Fri 02 Apr 2021 09:14:21 AM EDT	0/0	Error 10002
ckb.wikipedia Fri 02 Apr 2021 09:14:29 AM EDT	158/661	~0.23903177004538577912
ckb.wikipedia Fri 02 Apr 2021 09:15:23 AM EDT	158/661	~0.23903177004538577912
ckb.bible Fri 02 Apr 2021 09:15:27 AM EDT	0/0	Error 10002
ckb.bible Fri 02 Apr 2021 09:16:14 AM EDT	0/0	Error 10002
ckb.bible Fri 02 Apr 2021 09:16:36 AM EDT	127/438	~0.28995433789954337900
ckb.bible Fri 02 Apr 2021 09:17:58 AM EDT	127/438	~0.28995433789954337900
ckb.wikipedia Fri 02 Apr 2021 09:18:13 AM EDT	158/661	~0.23903177004538577912
ckb.bible Fri 02 Apr 2021 09:19:21 AM EDT	127/438	~0.28995433789954337900
ckb.bible Fri 02 Apr 2021 09:19:39 AM EDT	127/438	~0.28995433789954337900
ckb.bible Fri 02 Apr 2021 09:19:42 AM EDT	131/438	~0.29908675799086757991
ckb.bible Fri 02 Apr 2021 09:19:46 AM EDT	131/438	~0.29908675799086757991
ckb.wikipedia Fri 02 Apr 2021 09:19:49 AM EDT	162/661	~0.24508320726172465961
ckb.wikipedia Fri 02 Apr 2021 09:21:04 AM EDT	176/661	~0.26626323751891074130
ckb.bible Fri 02 Apr 2021 09:21:49 AM EDT	131/438	~0.29908675799086757991
ckb.bible Fri 02 Apr 2021 09:23:32 AM EDT	131/438	~0.29908675799086757991
ckb.wikipedia Fri 02 Apr 2021 09:23:35 AM EDT	176/661	~0.26626323751891074130
ckb.wikipedia Fri 02 Apr 2021 09:23:49 AM EDT	176/661	~0.26626323751891074130
ckb.wikipedia Fri 02 Apr 2021 09:23:51 AM EDT	176/661	~0.26626323751891074130
ckb.wikipedia Fri 02 Apr 2021 09:51:49 AM EDT	178/661	~0.26928895612708018154
ckb.bible Fri 02 Apr 2021 09:52:03 AM EDT	135/438	~0.30821917808219178082
ckb.wikipedia Sat 03 Apr 2021 02:38:06 PM EDT	0/0	Error 10002
ckb.wikipedia-2021-02-23.txt Sat 03 Apr 2021 02:38:18 PM EDT	0/0	Error 10002
ckb.wikipedia-2021-02-23.txt Sat 03 Apr 2021 02:38:59 PM EDT	0/0	Error 10002
ckb.wikipedia-2021-02-23.txt Sat 03 Apr 2021 02:39:09 PM EDT	0/0	Error 10002
ckb.wikipedia Sat 03 Apr 2021 02:39:28 PM EDT	178/661	~0.26928895612708018154
ckb.wikipedia-2021-02-23.txt Sat 03 Apr 2021 02:40:14 PM EDT	0/0	Error 10002
ckb.wikipedia Sat 03 Apr 2021 02:40:21 PM EDT	178/661	~0.26928895612708018154
ckb.wikipedia-2021-02-23.txt Sat 03 Apr 2021 03:06:51 PM EDT	0/0	Error 10002
ckb.wikipedia Sat 03 Apr 2021 03:06:55 PM EDT	0/0	Error 10002
ckb.wikipedia Sat 03 Apr 2021 03:07:05 PM EDT	187/661	~0.28290468986384266263
ckb.wikipedia Sat 03 Apr 2021 03:10:37 PM EDT	0/0	Error 10002
ckb.wikipedia Sat 03 Apr 2021 03:10:50 PM EDT	192/661	~0.29046898638426626324
ckb.wikipedia Sat 03 Apr 2021 03:20:13 PM EDT	192/661	~0.29046898638426626324
ckb.wiki.txt Sat 03 Apr 2021 06:55:41 PM EDT	0/0	Error 10002
wiki.txt Sat 03 Apr 2021 06:55:58 PM EDT	364124/1903851	~0.19125656367016116282
wiki.txt Sat 03 Apr 2021 07:03:56 PM EDT	398651/1903851	~0.20939191144685167064
wiki.txt Sat 03 Apr 2021 07:06:07 PM EDT	402521/1903851	~0.21142463354537723803
wiki.txt Sat 03 Apr 2021 07:06:49 PM EDT	402521/1903851	~0.21142463354537723803
wiki.txt Sat 03 Apr 2021 07:08:04 PM EDT	406917/1903851	~0.21373363776892204274
wiki.txt Sat 03 Apr 2021 07:09:18 PM EDT	406917/1903851	~0.21373363776892204274
wiki.txt Sat 03 Apr 2021 07:11:10 PM EDT	406917/1903851	~0.21373363776892204274
wiki.txt Sat 03 Apr 2021 07:11:52 PM EDT	411229/1903851	~0.21599852089265388941
wiki.txt Sat 03 Apr 2021 07:13:06 PM EDT	416156/1903851	~0.21858643349715917895
wiki.txt Sat 03 Apr 2021 07:14:23 PM EDT	420224/1903851	~0.22072315533095814746
wiki.txt Sat 03 Apr 2021 07:15:26 PM EDT	423445/1903851	~0.22241498940830978895
wiki.txt Sat 03 Apr 2021 07:16:09 PM EDT	427043/1903851	~0.22430484318363149217
wiki.txt Sat 03 Apr 2021 07:24:39 PM EDT	427117/1903851	~0.22434371177156195522
wiki.txt Sat 03 Apr 2021 07:25:19 PM EDT	427117/1903851	~0.22434371177156195522
wiki.txt Sat 03 Apr 2021 07:25:49 PM EDT	431660/1903851	~0.22672992791977943652
wiki.txt Sat 03 Apr 2021 07:26:23 PM EDT	435170/1903851	~0.22857355959053518369
wiki.txt Sat 03 Apr 2021 07:27:51 PM EDT	435908/1903851	~0.22896119496746331514
wiki.txt Sat 03 Apr 2021 07:28:45 PM EDT	442471/1903851	~0.23240841851594478770
wiki.txt Sat 03 Apr 2021 07:29:20 PM EDT	445792/1903851	~0.23415277771212137925
ckb.sentences.txt Mon 19 Apr 2021 08:18:20 PM EDT	149/382	~0.39005235602094240838
ckb.sentences.txt Wed 12 May 2021 12:06:47 PM EDT	0/0	Error 10002
ckb.bible Wed 12 May 2021 12:07:27 PM EDT	148/438	~0.33789954337899543379
ckb.large.txt Wed 12 May 2021 12:07:41 PM EDT	0/0	Error 10002
ckb.corpus Wed 12 May 2021 12:07:57 PM EDT	12176/48633	~0.25036497851253264244
ckb.corpus Wed 12 May 2021 12:08:55 PM EDT	12460/48633	~0.25620463471305492156
ckb.corpus Wed 12 May 2021 12:11:24 PM EDT	12774/48633	~0.26266115600518166677
ckb.corpus Wed 12 May 2021 12:11:46 PM EDT	12967/48633	~0.26662965476117039870
ckb.corpus Wed 12 May 2021 12:12:42 PM EDT	12967/48633	~0.26662965476117039870
ckb.corpus Wed 12 May 2021 12:13:34 PM EDT	12969/48633	~0.26667077910061069644
ckb.corpus Wed 12 May 2021 12:14:28 PM EDT	12969/48633	~0.26667077910061069644
ckb.corpus Wed 12 May 2021 12:16:38 PM EDT	12969/48633	~0.26667077910061069644
ckb.corpus Wed 12 May 2021 12:16:45 PM EDT	12969/48633	~0.26667077910061069644
ckb.corpus Wed 12 May 2021 12:17:18 PM EDT	13245/48633	~0.27234593794337178459
ckb.corpus Wed 12 May 2021 12:17:21 PM EDT	13245/48633	~0.27234593794337178459
ckb.corpus Wed 12 May 2021 12:17:43 PM EDT	13386/48633	~0.27524520387391277528
ckb.corpus Wed 12 May 2021 12:18:03 PM EDT	13476/48633	~0.27709579914872617359
ckb.corpus Wed 12 May 2021 12:18:19 PM EDT	13590/48633	~0.27943988649682314478
ckb.corpus Wed 12 May 2021 12:19:08 PM EDT	13660/48633	~0.28087923837723356569
ckb.corpus Wed 12 May 2021 12:19:34 PM EDT	13720/48633	~0.28211296856044249789
ckb.corpus Wed 12 May 2021 12:19:51 PM EDT	13835/48633	~0.28447761807825961795
ckb.corpus Wed 12 May 2021 01:06:24 PM EDT	13852/48633	~0.28482717496350214875
ckb.corpus Wed 12 May 2021 01:07:01 PM EDT	13852/48633	~0.28482717496350214875
ckb.corpus Wed 12 May 2021 01:07:40 PM EDT	13852/48633	~0.28482717496350214875
ckb.corpus Wed 12 May 2021 01:08:35 PM EDT	13835/48633	~0.28447761807825961795
ckb.corpus Wed 12 May 2021 01:08:42 PM EDT	13835/48633	~0.28447761807825961795
ckb.corpus Wed 12 May 2021 01:08:45 PM EDT	13852/48633	~0.28482717496350214875
ckb.corpus Wed 12 May 2021 01:22:13 PM EDT	19677/48633	~0.40460181358336931713
ckb.corpus Wed 12 May 2021 01:27:25 PM EDT	21033/48633	~0.43248411572389118500
ckb.corpus Wed 12 May 2021 01:29:42 PM EDT	21033/48633	~0.43248411572389118500
ckb.corpus Wed 12 May 2021 01:30:08 PM EDT	21366/48633	~0.43933131824070075874
ckb.corpus Wed 12 May 2021 01:30:40 PM EDT	21429/48633	~0.44062673493307013756
ckb.corpus Wed 12 May 2021 01:33:48 PM EDT	21907/48633	~0.45045545205930129747
ckb.corpus Wed 12 May 2021 01:34:33 PM EDT	21989/48633	~0.45214154997635350482
ckb.corpus Wed 12 May 2021 01:35:39 PM EDT	22134/48633	~0.45512306458577509099
ckb.corpus Wed 12 May 2021 01:37:31 PM EDT	22047/48633	~0.45333415582012213929
ckb.corpus Wed 12 May 2021 03:06:53 PM EDT	22048/48633	~0.45335471798984228816
ckb.corpus Wed 12 May 2021 03:12:10 PM EDT	22066/48633	~0.45372483704480496782
ckb.corpus Wed 12 May 2021 03:12:22 PM EDT	22066/48633	~0.45372483704480496782
ckb.corpus Wed 12 May 2021 03:12:25 PM EDT	22066/48633	~0.45372483704480496782
ckb.corpus Wed 12 May 2021 03:13:03 PM EDT	22066/48633	~0.45372483704480496782
ckb.corpus Wed 12 May 2021 03:14:02 PM EDT	22151/48633	~0.45547262147101762178
ckb.corpus Wed 12 May 2021 03:19:34 PM EDT	22221/48633	~0.45691197335142804269
ckb.corpus Wed 12 May 2021 03:20:30 PM EDT	22224/48633	~0.45697365986058848930
ckb.corpus Wed 12 May 2021 03:21:41 PM EDT	22342/48633	~0.45939999588756605597
ckb.corpus Wed 12 May 2021 03:22:08 PM EDT	22342/48633	~0.45939999588756605597
ckb.corpus Wed 12 May 2021 03:23:02 PM EDT	22428/48633	~0.46116834248349885880
ckb.corpus Wed 12 May 2021 03:23:32 PM EDT	22484/48633	~0.46231982398782719553
ckb.corpus Wed 12 May 2021 03:25:12 PM EDT	22552/48633	~0.46371805152879731869
ckb.corpus Wed 12 May 2021 03:26:08 PM EDT	22613/48633	~0.46497234388172639977
ckb.corpus Wed 12 May 2021 03:28:11 PM EDT	0/0	Error 10002
ckb.corpus Wed 12 May 2021 03:28:22 PM EDT	0/0	Error 10002
ckb.corpus Wed 12 May 2021 03:28:24 PM EDT	22613/48633	~0.46497234388172639977
ckb.corpus Wed 12 May 2021 03:28:52 PM EDT	22613/48633	~0.46497234388172639977
ckb.corpus Wed 12 May 2021 03:30:02 PM EDT	22613/48633	~0.46497234388172639977
ckb.corpus Wed 12 May 2021 03:30:43 PM EDT	22658/48633	~0.46589764151913309892
ckb.corpus Wed 12 May 2021 03:31:41 PM EDT	22704/48633	~0.46684350132625994695
ckb.corpus Wed 12 May 2021 03:38:58 PM EDT	22749/48633	~0.46776879896366664610
ckb.corpus Wed 12 May 2021 03:41:49 PM EDT	22754/48633	~0.46787160981226739046
ckb.corpus Wed 12 May 2021 03:42:46 PM EDT	22828/48633	~0.46939321037155840684
ckb.corpus Wed 12 May 2021 03:46:26 PM EDT	22829/48633	~0.46941377254127855571
ckb.corpus Wed 12 May 2021 03:46:49 PM EDT	22877/48633	~0.47040075668784570148
ckb.corpus Wed 12 May 2021 03:47:20 PM EDT	22877/48633	~0.47040075668784570148
ckb.corpus Wed 12 May 2021 03:48:24 PM EDT	22877/48633	~0.47040075668784570148
ckb.corpus Wed 12 May 2021 03:48:47 PM EDT	22895/48633	~0.47077087574280838114
ckb.corpus Wed 12 May 2021 03:49:49 PM EDT	22926/48633	~0.47140830300413299611
ckb.corpus Wed 12 May 2021 03:52:31 PM EDT	22945/48633	~0.47179898422881582465
ckb.corpus Wed 12 May 2021 03:53:52 PM EDT	22945/48633	~0.47179898422881582465
ckb.corpus Wed 12 May 2021 04:03:50 PM EDT	22788/48633	~0.46857072358275245204
ckb.corpus Wed 12 May 2021 04:04:48 PM EDT	23299/48633	~0.47907799230974852466
ckb.corpus Wed 12 May 2021 04:05:16 PM EDT	23322/48633	~0.47955092221331194868
ckb.corpus Wed 12 May 2021 04:12:55 PM EDT	23788/48633	~0.48913289330290132215
ckb.corpus Wed 12 May 2021 04:13:52 PM EDT	0/0	Error 10002
ckb.corpus Wed 12 May 2021 04:13:55 PM EDT	23846/48633	~0.49032549914666995661
ckb.corpus Wed 12 May 2021 04:15:22 PM EDT	23814/48633	~0.48966750971562519277
ckb.corpus Wed 12 May 2021 04:18:01 PM EDT	23814/48633	~0.48966750971562519277
ckb.corpus Wed 12 May 2021 04:23:53 PM EDT	0/0	Error 10002
ckb.corpus Wed 12 May 2021 04:24:00 PM EDT	0/0	Error 10002
ckb.longer.txt Wed 12 May 2021 04:24:08 PM EDT	214/384	~0.55729166666666666667
ckb.corpus Wed 12 May 2021 04:26:16 PM EDT	23814/48633	~0.48966750971562519277
ckb.corpus Wed 12 May 2021 04:31:25 PM EDT	23814/48602	~0.48997983622073165713
ckb.corpus Wed 12 May 2021 04:31:29 PM EDT	23814/48602	~0.48997983622073165713
ckb.corpus Wed 12 May 2021 04:31:44 PM EDT	23814/48590	~0.49010084379501955135
ckb.corpus Wed 12 May 2021 04:31:50 PM EDT	23814/48590	~0.49010084379501955135
ckb.corpus Wed 12 May 2021 04:31:52 PM EDT	23814/48590	~0.49010084379501955135
ckb.corpus Wed 12 May 2021 04:35:01 PM EDT	0/0	Error 10002
ckb.corpus Wed 12 May 2021 04:35:06 PM EDT	23814/48590	~0.49010084379501955135
ckb.corpus Sat 15 May 2021 12:45:21 PM EDT	23814/48590	~0.49010084379501955135
ckb.corpus Sat 15 May 2021 12:46:22 PM EDT	24285/48590	~0.49979419633669479317
ckb.corpus Sat 15 May 2021 12:46:59 PM EDT	24325/48590	~0.50061741098991562050
ckb.corpus Sat 15 May 2021 12:47:13 PM EDT	24325/48590	~0.50061741098991562050
ckb.corpus Sat 15 May 2021 12:47:23 PM EDT	24325/48590	~0.50061741098991562050
ckb.corpus Sat 15 May 2021 12:48:02 PM EDT	24426/48590	~0.50269602798929820951
ckb.corpus Sat 15 May 2021 12:48:52 PM EDT	24534/48590	~0.50491870755299444330
ckb.corpus Sat 15 May 2021 12:49:54 PM EDT	24578/48590	~0.50582424367153735336
ckb.corpus Sat 15 May 2021 12:50:13 PM EDT	24583/48590	~0.50592714550318995678
ckb.corpus Sat 15 May 2021 12:50:30 PM EDT	24630/48590	~0.50689442272072442889
ckb.corpus Sat 15 May 2021 12:50:48 PM EDT	24630/48590	~0.50689442272072442889
ckb.corpus Sat 15 May 2021 12:51:14 PM EDT	24700/48590	~0.50833504836386087672
ckb.corpus Sat 15 May 2021 12:51:42 PM EDT	24701/48590	~0.50835562873019139741
ckb.corpus Sat 15 May 2021 12:57:22 PM EDT	24701/48590	~0.50835562873019139741
ckb.corpus Sat 15 May 2021 12:58:47 PM EDT	24701/48590	~0.50835562873019139741
ckb.corpus Sat 15 May 2021 12:59:42 PM EDT	24409/48590	~0.50234616176167935789
ckb.corpus Sat 15 May 2021 12:59:51 PM EDT	24405/48590	~0.50226384029635727516
ckb.corpus Sat 15 May 2021 01:00:08 PM EDT	24701/48590	~0.50835562873019139741
ckb.corpus Sat 15 May 2021 01:00:37 PM EDT	24701/48590	~0.50835562873019139741
ckb.corpus Sat 15 May 2021 01:01:08 PM EDT	24741/48590	~0.50917884338341222474
ckb.corpus Sat 15 May 2021 01:01:56 PM EDT	24742/48590	~0.50919942374974274542
ckb.corpus Sat 15 May 2021 01:02:33 PM EDT	24742/48590	~0.50919942374974274542
ckb.corpus Sat 15 May 2021 01:03:27 PM EDT	24983/48590	~0.51415929203539823009
ckb.corpus Sat 15 May 2021 01:03:52 PM EDT	25032/48590	~0.51516772998559374357
ckb.corpus Sat 15 May 2021 01:04:09 PM EDT	25068/48590	~0.51590862317349248817
ckb.corpus Sat 15 May 2021 01:05:28 PM EDT	25148/48590	~0.51755505247993414283
ckb.corpus Sat 15 May 2021 01:06:01 PM EDT	501/1647	~0.30418943533697632058
ckb.articles Sat 15 May 2021 01:06:20 PM EDT	940/3040	~0.30921052631578947368
ckb.bible Sat 15 May 2021 01:06:34 PM EDT	238/438	~0.54337899543378995434
ckb.bible Sat 15 May 2021 01:07:26 PM EDT	245/438	~0.55936073059360730594
ckb.bible Sat 15 May 2021 01:07:42 PM EDT	247/438	~0.56392694063926940639
ckb.bible Sat 15 May 2021 01:11:00 PM EDT	247/438	~0.56392694063926940639
ckb.bible Sat 15 May 2021 01:11:12 PM EDT	247/438	~0.56392694063926940639
ckb.corpus Sat 15 May 2021 01:11:20 PM EDT	25193/48590	~0.51848116896480757357
ckb.corpus Sat 15 May 2021 01:16:28 PM EDT	25224/48590	~0.51911916032105371476
ckb.corpus Sat 15 May 2021 01:19:03 PM EDT	25244/48590	~0.51953076764766412842
ckb.corpus Sat 15 May 2021 01:19:06 PM EDT	25244/48590	~0.51953076764766412842
ckb.bible Sat 15 May 2021 01:19:12 PM EDT	248/438	~0.56621004566210045662
ckb.bible Sat 15 May 2021 01:19:33 PM EDT	0/0	Error 10002
ckb.bible Sat 15 May 2021 01:19:36 PM EDT	0/0	Error 10002
ckb.corpus Sat 15 May 2021 01:19:39 PM EDT	25244/48590	~0.51953076764766412842
ckb.corpus Sat 15 May 2021 01:22:07 PM EDT	25281/48590	~0.52029224120189339370
ckb.corpus Sat 15 May 2021 01:22:27 PM EDT	25375/48590	~0.52222679563696233793
ckb.corpus Sat 15 May 2021 01:23:10 PM EDT	25415/48590	~0.52305001029018316526
ckb.corpus Sat 15 May 2021 01:23:31 PM EDT	25449/48590	~0.52374974274542086849
